2023-12-15T11:39:59.578+02:00  INFO 17568 --- [main] c.e.b.BackendQuizMentorApplication       : Starting BackendQuizMentorApplication using Java 20.0.1 with PID 17568 (D:\all\programming\prog.kiev\backendQuizMentor\target\classes started by BRoC in D:\all\programming\prog.kiev\backendQuizMentor)
2023-12-15T11:39:59.580+02:00  INFO 17568 --- [main] c.e.b.BackendQuizMentorApplication       : No active profile set, falling back to 1 default profile: "default"
2023-12-15T11:40:00.404+02:00  INFO 17568 --- [main] .s.d.r.c.RepositoryConfigurationDelegate : Bootstrapping Spring Data JPA repositories in DEFAULT mode.
2023-12-15T11:40:00.488+02:00  INFO 17568 --- [main] .s.d.r.c.RepositoryConfigurationDelegate : Finished Spring Data repository scanning in 70 ms. Found 3 JPA repository interfaces.
2023-12-15T11:40:00.895+02:00  WARN 17568 --- [main] trationDelegate$BeanPostProcessorChecker : Bean 'appConfig' of type [com.example.backendquizmentor.config.AppConfig$$SpringCGLIB$$0] is not eligible for getting processed by all BeanPostProcessors (for example: not eligible for auto-proxying). Is this bean getting eagerly injected into a currently created BeanPostProcessor [projectingArgumentResolverBeanPostProcessor]? Check the corresponding BeanPostProcessor declaration and its dependencies.
2023-12-15T11:40:01.177+02:00  INFO 17568 --- [main] o.s.b.w.embedded.tomcat.TomcatWebServer  : Tomcat initialized with port 8080 (http)
2023-12-15T11:40:01.188+02:00  INFO 17568 --- [main] o.apache.catalina.core.StandardService   : Starting service [Tomcat]
2023-12-15T11:40:01.189+02:00  INFO 17568 --- [main] o.apache.catalina.core.StandardEngine    : Starting Servlet engine: [Apache Tomcat/10.1.16]
2023-12-15T11:40:01.263+02:00  INFO 17568 --- [main] o.a.c.c.C.[Tomcat].[localhost].[/]       : Initializing Spring embedded WebApplicationContext
2023-12-15T11:40:01.263+02:00  INFO 17568 --- [main] w.s.c.ServletWebServerApplicationContext : Root WebApplicationContext: initialization completed in 1626 ms
2023-12-15T11:40:01.463+02:00  INFO 17568 --- [main] o.hibernate.jpa.internal.util.LogHelper  : HHH000204: Processing PersistenceUnitInfo [name: default]
2023-12-15T11:40:01.522+02:00  INFO 17568 --- [main] org.hibernate.Version                    : HHH000412: Hibernate ORM core version 6.4.0.Final
2023-12-15T11:40:01.561+02:00  INFO 17568 --- [main] o.h.c.internal.RegionFactoryInitiator    : HHH000026: Second-level cache disabled
2023-12-15T11:40:01.875+02:00  INFO 17568 --- [main] o.s.o.j.p.SpringPersistenceUnitInfo      : No LoadTimeWeaver setup: ignoring JPA class transformer
2023-12-15T11:40:01.910+02:00  INFO 17568 --- [main] com.zaxxer.hikari.HikariDataSource       : HikariPool-1 - Starting...
2023-12-15T11:40:02.394+02:00  INFO 17568 --- [main] com.zaxxer.hikari.pool.HikariPool        : HikariPool-1 - Added connection com.mysql.cj.jdbc.ConnectionImpl@143413cd
2023-12-15T11:40:02.396+02:00  INFO 17568 --- [main] com.zaxxer.hikari.HikariDataSource       : HikariPool-1 - Start completed.
2023-12-15T11:40:02.461+02:00  WARN 17568 --- [main] org.hibernate.orm.deprecation            : HHH90000025: MySQL8Dialect does not need to be specified explicitly using 'hibernate.dialect' (remove the property setting and it will be selected by default)
2023-12-15T11:40:02.462+02:00  WARN 17568 --- [main] org.hibernate.orm.deprecation            : HHH90000026: MySQL8Dialect has been deprecated; use org.hibernate.dialect.MySQLDialect instead
2023-12-15T11:40:03.694+02:00  INFO 17568 --- [main] o.h.e.t.j.p.i.JtaPlatformInitiator       : HHH000489: No JTA platform available (set 'hibernate.transaction.jta.platform' to enable JTA platform integration)
2023-12-15T11:40:03.755+02:00  INFO 17568 --- [main] j.LocalContainerEntityManagerFactoryBean : Initialized JPA EntityManagerFactory for persistence unit 'default'
2023-12-15T11:40:04.014+02:00  INFO 17568 --- [main] o.s.d.j.r.query.QueryEnhancerFactory     : Hibernate is in classpath; If applicable, HQL parser will be used.
2023-12-15T11:40:04.589+02:00  WARN 17568 --- [main] JpaBaseConfiguration$JpaWebConfiguration : spring.jpa.open-in-view is enabled by default. Therefore, database queries may be performed during view rendering. Explicitly configure spring.jpa.open-in-view to disable this warning
2023-12-15T11:40:04.898+02:00  INFO 17568 --- [main] o.s.s.web.DefaultSecurityFilterChain     : Will secure any request with [org.springframework.security.web.session.DisableEncodeUrlFilter@118932fe, org.springframework.security.web.context.request.async.WebAsyncManagerIntegrationFilter@7153995c, org.springframework.security.web.context.SecurityContextHolderFilter@4398d, org.springframework.security.web.header.HeaderWriterFilter@537979aa, org.springframework.web.filter.CorsFilter@3b256d50, org.springframework.security.web.authentication.logout.LogoutFilter@5973d3ec, org.springframework.security.web.authentication.UsernamePasswordAuthenticationFilter@340fd670, org.springframework.security.web.savedrequest.RequestCacheAwareFilter@722a2ba2, org.springframework.security.web.servletapi.SecurityContextHolderAwareRequestFilter@788cb7b0, org.springframework.security.web.authentication.AnonymousAuthenticationFilter@52ebacbf, org.springframework.security.web.access.ExceptionTranslationFilter@9d10078, org.springframework.security.web.access.intercept.AuthorizationFilter@74a29300]
2023-12-15T11:40:05.176+02:00  INFO 17568 --- [main] o.s.b.w.embedded.tomcat.TomcatWebServer  : Tomcat started on port 8080 (http) with context path ''
2023-12-15T11:40:05.184+02:00  INFO 17568 --- [main] c.e.b.BackendQuizMentorApplication       : Started BackendQuizMentorApplication in 6.228 seconds (process running for 7.048)
2023-12-15T11:40:06.486+02:00  INFO 17568 --- [http-nio-8080-exec-1] o.a.c.c.C.[Tomcat].[localhost].[/]       : Initializing Spring DispatcherServlet 'dispatcherServlet'
2023-12-15T11:40:06.487+02:00  INFO 17568 --- [http-nio-8080-exec-1] o.s.web.servlet.DispatcherServlet        : Initializing Servlet 'dispatcherServlet'
2023-12-15T11:40:06.488+02:00  INFO 17568 --- [http-nio-8080-exec-1] o.s.web.servlet.DispatcherServlet        : Completed initialization in 1 ms
2023-12-15T11:40:06.499+02:00  WARN 17568 --- [http-nio-8080-exec-1] o.s.w.s.h.HandlerMappingIntrospector     : Cache miss for REQUEST dispatch to '/createModule' (previous null). Performing CorsConfiguration lookup. This is logged once only at WARN level, and every time at TRACE.
2023-12-15T11:40:06.522+02:00  WARN 17568 --- [http-nio-8080-exec-1] o.s.w.s.h.HandlerMappingIntrospector     : Cache miss for REQUEST dispatch to '/createModule' (previous null). Performing MatchableHandlerMapping lookup. This is logged once only at WARN level, and every time at TRACE.
2023-12-15T11:43:19.974+02:00  INFO 17568 --- [SpringApplicationShutdownHook] j.LocalContainerEntityManagerFactoryBean : Closing JPA EntityManagerFactory for persistence unit 'default'
2023-12-15T11:43:19.977+02:00  INFO 17568 --- [SpringApplicationShutdownHook] com.zaxxer.hikari.HikariDataSource       : HikariPool-1 - Shutdown initiated...
2023-12-15T11:43:19.990+02:00  INFO 17568 --- [SpringApplicationShutdownHook] com.zaxxer.hikari.HikariDataSource       : HikariPool-1 - Shutdown completed.
